<?xml version="1.0" encoding="UTF-8"?>
<testsuite xmlns:xsi="http://www.w3.org/2001/XMLSchema-instance" xsi:noNamespaceSchemaLocation="https://maven.apache.org/surefire/maven-surefire-plugin/xsd/surefire-test-report.xsd" name="com.mycompany.app.AppTest" time="0.05" tests="1" errors="0" skipped="0" failures="0">
  <properties>
    <property name="gopherProxySet" value="false"/>
    <property name="awt.toolkit" value="sun.lwawt.macosx.LWCToolkit"/>
    <property name="file.encoding.pkg" value="sun.io"/>
    <property name="java.specification.version" value="1.8"/>
    <property name="sun.cpu.isalist" value=""/>
    <property name="sun.jnu.encoding" value="UTF-8"/>
    <property name="java.class.path" value="/Users/cheriatahmed/Desktop/ach/my-maven-app/target/test-classes:/Users/cheriatahmed/Desktop/ach/my-maven-app/target/classes:/Users/cheriatahmed/.m2/repository/junit/junit/4.11/junit-4.11.jar:/Users/cheriatahmed/.m2/repository/org/hamcrest/hamcrest-core/1.3/hamcrest-core-1.3.jar:"/>
    <property name="java.vm.vendor" value="AdoptOpenJDK"/>
    <property name="sun.arch.data.model" value="64"/>
    <property name="java.vendor.url" value="http://java.oracle.com/"/>
    <property name="user.timezone" value=""/>
    <property name="java.vm.specification.version" value="1.8"/>
    <property name="os.name" value="Mac OS X"/>
    <property name="user.country" value="FR"/>
    <property name="sun.java.launcher" value="SUN_STANDARD"/>
    <property name="sun.boot.library.path" value="/Users/cheriatahmed/Library/Java/JavaVirtualMachines/adopt-openjdk-1.8.0_252/Contents/Home/jre/lib"/>
    <property name="sun.java.command" value="/Users/cheriatahmed/Desktop/ach/my-maven-app/target/surefire/surefirebooter8275195147623655179.jar /Users/cheriatahmed/Desktop/ach/my-maven-app/target/surefire 2021-04-13T16-35-13_716-jvmRun1 surefire1120352829571021018tmp surefire_08909180992858622230tmp"/>
    <property name="http.nonProxyHosts" value="local|*.local|169.254/16|*.169.254/16"/>
    <property name="surefire.test.class.path" value="/Users/cheriatahmed/Desktop/ach/my-maven-app/target/test-classes:/Users/cheriatahmed/Desktop/ach/my-maven-app/target/classes:/Users/cheriatahmed/.m2/repository/junit/junit/4.11/junit-4.11.jar:/Users/cheriatahmed/.m2/repository/org/hamcrest/hamcrest-core/1.3/hamcrest-core-1.3.jar:"/>
    <property name="sun.cpu.endian" value="little"/>
    <property name="user.home" value="/Users/cheriatahmed"/>
    <property name="user.language" value="fr"/>
    <property name="java.specification.vendor" value="Oracle Corporation"/>
    <property name="java.home" value="/Users/cheriatahmed/Library/Java/JavaVirtualMachines/adopt-openjdk-1.8.0_252/Contents/Home/jre"/>
    <property name="basedir" value="/Users/cheriatahmed/Desktop/ach/my-maven-app"/>
    <property name="file.separator" value="/"/>
    <property name="line.separator" value="&#10;"/>
    <property name="java.vm.specification.vendor" value="Oracle Corporation"/>
    <property name="java.specification.name" value="Java Platform API Specification"/>
    <property name="java.awt.graphicsenv" value="sun.awt.CGraphicsEnvironment"/>
    <property name="surefire.real.class.path" value="/Users/cheriatahmed/Desktop/ach/my-maven-app/target/surefire/surefirebooter8275195147623655179.jar"/>
    <property name="sun.boot.class.path" value="/Users/cheriatahmed/Library/Java/JavaVirtualMachines/adopt-openjdk-1.8.0_252/Contents/Home/jre/lib/resources.jar:/Users/cheriatahmed/Library/Java/JavaVirtualMachines/adopt-openjdk-1.8.0_252/Contents/Home/jre/lib/rt.jar:/Users/cheriatahmed/Library/Java/JavaVirtualMachines/adopt-openjdk-1.8.0_252/Contents/Home/jre/lib/sunrsasign.jar:/Users/cheriatahmed/Library/Java/JavaVirtualMachines/adopt-openjdk-1.8.0_252/Contents/Home/jre/lib/jsse.jar:/Users/cheriatahmed/Library/Java/JavaVirtualMachines/adopt-openjdk-1.8.0_252/Contents/Home/jre/lib/jce.jar:/Users/cheriatahmed/Library/Java/JavaVirtualMachines/adopt-openjdk-1.8.0_252/Contents/Home/jre/lib/charsets.jar:/Users/cheriatahmed/Library/Java/JavaVirtualMachines/adopt-openjdk-1.8.0_252/Contents/Home/jre/lib/jfr.jar:/Users/cheriatahmed/Library/Java/JavaVirtualMachines/adopt-openjdk-1.8.0_252/Contents/Home/jre/classes"/>
    <property name="sun.management.compiler" value="HotSpot 64-Bit Tiered Compilers"/>
    <property name="ftp.nonProxyHosts" value="local|*.local|169.254/16|*.169.254/16"/>
    <property name="java.runtime.version" value="1.8.0_252-b09"/>
    <property name="user.name" value="cheriatahmed"/>
    <property name="path.separator" value=":"/>
    <property name="os.version" value="10.16"/>
    <property name="java.endorsed.dirs" value="/Users/cheriatahmed/Library/Java/JavaVirtualMachines/adopt-openjdk-1.8.0_252/Contents/Home/jre/lib/endorsed"/>
    <property name="java.runtime.name" value="OpenJDK Runtime Environment"/>
    <property name="file.encoding" value="UTF-8"/>
    <property name="java.vm.name" value="OpenJDK 64-Bit Server VM"/>
    <property name="localRepository" value="/Users/cheriatahmed/.m2/repository"/>
    <property name="java.vendor.url.bug" value="http://bugreport.sun.com/bugreport/"/>
    <property name="java.io.tmpdir" value="/var/folders/z5/b2s3zmxj32vc7s5l_lsfrmf80000gn/T/"/>
    <property name="java.version" value="1.8.0_252"/>
    <property name="user.dir" value="/Users/cheriatahmed/Desktop/ach/my-maven-app"/>
    <property name="os.arch" value="x86_64"/>
    <property name="java.vm.specification.name" value="Java Virtual Machine Specification"/>
    <property name="java.awt.printerjob" value="sun.lwawt.macosx.CPrinterJob"/>
    <property name="sun.os.patch.level" value="unknown"/>
    <property name="java.library.path" value="/Users/cheriatahmed/Library/Java/Extensions:/Library/Java/Extensions:/Network/Library/Java/Extensions:/System/Library/Java/Extensions:/usr/lib/java:."/>
    <property name="java.vm.info" value="mixed mode"/>
    <property name="java.vendor" value="AdoptOpenJDK"/>
    <property name="java.vm.version" value="25.252-b09"/>
    <property name="java.ext.dirs" value="/Users/cheriatahmed/Library/Java/Extensions:/Users/cheriatahmed/Library/Java/JavaVirtualMachines/adopt-openjdk-1.8.0_252/Contents/Home/jre/lib/ext:/Library/Java/Extensions:/Network/Library/Java/Extensions:/System/Library/Java/Extensions:/usr/lib/java"/>
    <property name="sun.io.unicode.encoding" value="UnicodeBig"/>
    <property name="java.class.version" value="52.0"/>
    <property name="socksNonProxyHosts" value="local|*.local|169.254/16|*.169.254/16"/>
  </properties>
  <testcase name="shouldAnswerWithTrue" classname="com.mycompany.app.AppTest" time="0.001"/>
</testsuite>